0 info it worked if it ends with ok
1 verbose cli [ '/usr/local/bin/node', '/usr/local/bin/npm', 'i', '-g', 'gulp' ]
2 info using npm@2.15.1
3 info using node@v4.4.3
4 verbose install initial load of /usr/local/lib/package.json
5 verbose readDependencies loading dependencies from /usr/local/lib/package.json
6 silly cache add args [ 'gulp', null ]
7 verbose cache add spec gulp
8 silly cache add parsed spec Result {
8 silly cache add   raw: 'gulp',
8 silly cache add   scope: null,
8 silly cache add   name: 'gulp',
8 silly cache add   rawSpec: '',
8 silly cache add   spec: 'latest',
8 silly cache add   type: 'tag' }
9 silly addNamed gulp@latest
10 verbose addNamed "latest" is being treated as a dist-tag for gulp
11 info addNameTag [ 'gulp', 'latest' ]
12 silly mapToRegistry name gulp
13 silly mapToRegistry using default registry
14 silly mapToRegistry registry https://registry.npmjs.org/
15 silly mapToRegistry data Result {
15 silly mapToRegistry   raw: 'gulp',
15 silly mapToRegistry   scope: null,
15 silly mapToRegistry   name: 'gulp',
15 silly mapToRegistry   rawSpec: '',
15 silly mapToRegistry   spec: 'latest',
15 silly mapToRegistry   type: 'tag' }
16 silly mapToRegistry uri https://registry.npmjs.org/gulp
17 verbose addNameTag registry:https://registry.npmjs.org/gulp not in flight; fetching
18 verbose request uri https://registry.npmjs.org/gulp
19 verbose request no auth needed
20 info attempt registry request try #1 at 10:14:01 AM
21 verbose request id a9155baaf33f7340
22 verbose etag "5ST3VS2PAVZTTEDIOZ2WRPGWA"
23 http request GET https://registry.npmjs.org/gulp
24 http 304 https://registry.npmjs.org/gulp
25 verbose headers { date: 'Wed, 06 Jul 2016 14:14:02 GMT',
25 verbose headers   via: '1.1 varnish',
25 verbose headers   'cache-control': 'max-age=300',
25 verbose headers   etag: '"5ST3VS2PAVZTTEDIOZ2WRPGWA"',
25 verbose headers   age: '107',
25 verbose headers   connection: 'keep-alive',
25 verbose headers   'x-served-by': 'cache-ord1721-ORD',
25 verbose headers   'x-cache': 'HIT',
25 verbose headers   'x-cache-hits': '4',
25 verbose headers   'x-timer': 'S1467814442.029637,VS0,VE0',
25 verbose headers   vary: 'Accept-Encoding' }
26 silly get cb [ 304,
26 silly get   { date: 'Wed, 06 Jul 2016 14:14:02 GMT',
26 silly get     via: '1.1 varnish',
26 silly get     'cache-control': 'max-age=300',
26 silly get     etag: '"5ST3VS2PAVZTTEDIOZ2WRPGWA"',
26 silly get     age: '107',
26 silly get     connection: 'keep-alive',
26 silly get     'x-served-by': 'cache-ord1721-ORD',
26 silly get     'x-cache': 'HIT',
26 silly get     'x-cache-hits': '4',
26 silly get     'x-timer': 'S1467814442.029637,VS0,VE0',
26 silly get     vary: 'Accept-Encoding' } ]
27 verbose etag https://registry.npmjs.org/gulp from cache
28 verbose get saving gulp to /Users/Ryan/.npm/registry.npmjs.org/gulp/.cache.json
29 verbose correctMkdir /Users/Ryan/.npm correctMkdir not in flight; initializing
30 silly addNameTag next cb for gulp with tag latest
31 silly addNamed gulp@3.9.1
32 verbose addNamed "3.9.1" is a plain semver version for gulp
33 silly cache afterAdd gulp@3.9.1
34 verbose afterAdd /Users/Ryan/.npm/gulp/3.9.1/package/package.json not in flight; writing
35 verbose correctMkdir /Users/Ryan/.npm correctMkdir not in flight; initializing
36 verbose afterAdd /Users/Ryan/.npm/gulp/3.9.1/package/package.json written
37 silly install resolved [ { name: 'gulp',
37 silly install resolved     description: 'The streaming build system',
37 silly install resolved     version: '3.9.1',
37 silly install resolved     homepage: 'http://gulpjs.com',
37 silly install resolved     repository: { type: 'git', url: 'git+https://github.com/gulpjs/gulp.git' },
37 silly install resolved     author:
37 silly install resolved      { name: 'Fractal',
37 silly install resolved        email: 'contact@wearefractal.com',
37 silly install resolved        url: 'http://wearefractal.com/' },
37 silly install resolved     tags: [ 'build', 'stream', 'system', 'make', 'tool', 'asset', 'pipeline' ],
37 silly install resolved     files: [ 'index.js', 'lib', 'bin', 'completion', 'gulp.1' ],
37 silly install resolved     bin: { gulp: './bin/gulp.js' },
37 silly install resolved     man: [ 'gulp.1' ],
37 silly install resolved     dependencies:
37 silly install resolved      { archy: '^1.0.0',
37 silly install resolved        chalk: '^1.0.0',
37 silly install resolved        deprecated: '^0.0.1',
37 silly install resolved        'gulp-util': '^3.0.0',
37 silly install resolved        interpret: '^1.0.0',
37 silly install resolved        liftoff: '^2.1.0',
37 silly install resolved        minimist: '^1.1.0',
37 silly install resolved        orchestrator: '^0.3.0',
37 silly install resolved        'pretty-hrtime': '^1.0.0',
37 silly install resolved        semver: '^4.1.0',
37 silly install resolved        tildify: '^1.0.0',
37 silly install resolved        v8flags: '^2.0.2',
37 silly install resolved        'vinyl-fs': '^0.3.0' },
37 silly install resolved     devDependencies:
37 silly install resolved      { coveralls: '^2.7.0',
37 silly install resolved        eslint: '^1.7.3',
37 silly install resolved        'eslint-config-gulp': '^2.0.0',
37 silly install resolved        'graceful-fs': '^3.0.0',
37 silly install resolved        istanbul: '^0.3.0',
37 silly install resolved        jscs: '^2.3.5',
37 silly install resolved        'jscs-preset-gulp': '^1.0.0',
37 silly install resolved        'marked-man': '^0.1.3',
37 silly install resolved        mkdirp: '^0.5.0',
37 silly install resolved        mocha: '^2.0.1',
37 silly install resolved        'mocha-lcov-reporter': '^0.0.1',
37 silly install resolved        q: '^1.0.0',
37 silly install resolved        rimraf: '^2.2.5',
37 silly install resolved        should: '^5.0.1' },
37 silly install resolved     scripts:
37 silly install resolved      { prepublish: 'marked-man --name gulp docs/CLI.md > gulp.1',
37 silly install resolved        lint: 'eslint . && jscs *.js bin/ lib/ test/',
37 silly install resolved        pretest: 'npm run lint',
37 silly install resolved        test: 'mocha --reporter spec',
37 silly install resolved        coveralls: 'istanbul cover _mocha --report lcovonly -- -R spec && cat ./coverage/lcov.info | coveralls && rm -rf ./coverage' },
37 silly install resolved     engines: { node: '>= 0.9' },
37 silly install resolved     license: 'MIT',
37 silly install resolved     gitHead: '9c14e3a13a73a32e424f144d62566671b2fcdbed',
37 silly install resolved     bugs: { url: 'https://github.com/gulpjs/gulp/issues' },
37 silly install resolved     _id: 'gulp@3.9.1',
37 silly install resolved     _shasum: '571ce45928dd40af6514fc4011866016c13845b4',
37 silly install resolved     _from: 'gulp@latest',
37 silly install resolved     _npmVersion: '2.14.14',
37 silly install resolved     _nodeVersion: '0.10.41',
37 silly install resolved     _npmUser: { name: 'phated', email: 'blaine@iceddev.com' },
37 silly install resolved     maintainers: [ [Object], [Object] ],
37 silly install resolved     dist:
37 silly install resolved      { shasum: '571ce45928dd40af6514fc4011866016c13845b4',
37 silly install resolved        tarball: 'https://registry.npmjs.org/gulp/-/gulp-3.9.1.tgz' },
37 silly install resolved     _npmOperationalInternal:
37 silly install resolved      { host: 'packages-6-west.internal.npmjs.com',
37 silly install resolved        tmp: 'tmp/gulp-3.9.1.tgz_1454957415500_0.15343931876122952' },
37 silly install resolved     directories: {},
37 silly install resolved     _resolved: 'https://registry.npmjs.org/gulp/-/gulp-3.9.1.tgz',
37 silly install resolved     readme: 'ERROR: No README data found!' } ]
38 info install gulp@3.9.1 into /usr/local/lib
39 info installOne gulp@3.9.1
40 verbose installOne of gulp to /usr/local/lib not in flight; installing
41 verbose correctMkdir /Users/Ryan/.npm/_locks correctMkdir not in flight; initializing
42 verbose lock using /Users/Ryan/.npm/_locks/gulp-709d00e5d169ceb3.lock for /usr/local/lib/node_modules/gulp
43 silly install write writing gulp 3.9.1 to /usr/local/lib/node_modules/gulp
44 verbose unbuild lib/node_modules/gulp
45 info preuninstall gulp@3.9.1
46 info uninstall gulp@3.9.1
47 verbose unbuild rmStuff gulp@3.9.1 from /usr/local/lib/node_modules
48 silly gentlyRm /usr/local/bin/gulp is being gently removed
49 silly gentlyRm verifying /usr/local is an npm working directory
50 verbose rmMans man files are [ 'gulp.1' ] in /usr/local/share/man
51 silly rmMan preparing to remove gulp.1
52 silly gentlyRm /usr/local/share/man/man1/gulp.1.1 is being gently removed
53 silly gentlyRm verifying /usr/local is an npm working directory
54 silly gentlyRm containing path /usr/local is under npm's control, in /usr/local
55 silly gentlyRm deletion target /usr/local/bin/gulp is under /usr/local
56 verbose gentlyRm vacuuming from /usr/local/bin/gulp up to /usr/local
57 silly gentlyRm containing path /usr/local is under npm's control, in /usr/local
58 silly gentlyRm deletion target /usr/local/share/man/man1/gulp.1.1 is under /usr/local
59 verbose gentlyRm vacuuming from /usr/local/share/man/man1/gulp.1.1 up to /usr/local
60 info postuninstall gulp@3.9.1
61 silly gentlyRm /usr/local/lib/node_modules/gulp is being purged from base /usr/local
62 verbose gentlyRm don't care about contents; nuking /usr/local/lib/node_modules/gulp
63 silly vacuum-fs purging /usr/local/lib/node_modules/gulp
64 verbose unlock done using /Users/Ryan/.npm/_locks/gulp-709d00e5d169ceb3.lock for /usr/local/lib/node_modules/gulp
65 verbose stack Error: EACCES: permission denied, rmdir '/usr/local/lib/node_modules/gulp'
65 verbose stack     at Error (native)
66 verbose cwd /Users/Ryan/Dropbox/Projects/Personal Site/ryangoins.github.io
67 error Darwin 15.5.0
68 error argv "/usr/local/bin/node" "/usr/local/bin/npm" "i" "-g" "gulp"
69 error node v4.4.3
70 error npm  v2.15.1
71 error path /usr/local/lib/node_modules/gulp
72 error code EACCES
73 error errno -13
74 error syscall rmdir
75 error Error: EACCES: permission denied, rmdir '/usr/local/lib/node_modules/gulp'
75 error     at Error (native)
75 error  { [Error: EACCES: permission denied, rmdir '/usr/local/lib/node_modules/gulp']
75 error   errno: -13,
75 error   code: 'EACCES',
75 error   syscall: 'rmdir',
75 error   path: '/usr/local/lib/node_modules/gulp' }
76 error Please try running this command again as root/Administrator.
77 verbose exit [ -13, true ]
78 verbose unbuild lib/node_modules/gulp
79 info preuninstall gulp@3.9.1
80 info uninstall gulp@3.9.1
81 verbose unbuild rmStuff gulp@3.9.1 from /usr/local/lib/node_modules
82 silly gentlyRm /usr/local/bin/gulp is being gently removed
83 silly gentlyRm verifying /usr/local is an npm working directory
84 verbose rmMans man files are [ 'gulp.1' ] in /usr/local/share/man
85 silly rmMan preparing to remove gulp.1
86 silly gentlyRm /usr/local/share/man/man1/gulp.1.1 is being gently removed
87 silly gentlyRm verifying /usr/local is an npm working directory
88 silly gentlyRm containing path /usr/local is under npm's control, in /usr/local
89 silly gentlyRm deletion target /usr/local/bin/gulp is under /usr/local
90 verbose gentlyRm vacuuming from /usr/local/bin/gulp up to /usr/local
91 silly gentlyRm containing path /usr/local is under npm's control, in /usr/local
92 silly gentlyRm deletion target /usr/local/share/man/man1/gulp.1.1 is under /usr/local
93 verbose gentlyRm vacuuming from /usr/local/share/man/man1/gulp.1.1 up to /usr/local
94 info postuninstall gulp@3.9.1
95 silly gentlyRm /usr/local/lib/node_modules/gulp is being purged from base /usr/local
96 verbose gentlyRm don't care about contents; nuking /usr/local/lib/node_modules/gulp
97 silly vacuum-fs purging /usr/local/lib/node_modules/gulp
98 error error rolling back Error: EACCES: permission denied, rmdir '/usr/local/lib/node_modules/gulp'
98 error error rolling back     at Error (native)
98 error error rolling back  { [Error: EACCES: permission denied, rmdir '/usr/local/lib/node_modules/gulp']
98 error error rolling back   errno: -13,
98 error error rolling back   code: 'EACCES',
98 error error rolling back   syscall: 'rmdir',
98 error error rolling back   path: '/usr/local/lib/node_modules/gulp' }
